2024-05-17 14:59:48,342 - Accuracy: 0.7425496688741722
2024-05-17 14:59:48,342 - Precision: 0.6425084304334842
2024-05-17 14:59:48,343 - Recall: 0.6342447271081632
2024-05-17 14:59:48,344 - F1 Score: 0.6356419202399186
2024-05-17 14:59:48,344 - MCC: 0.58138415741982022024-05-17 19:19:42,155 - Accuracy: 0.7549668874172185
2024-05-17 19:19:42,156 - Precision: 0.6809559406308633
2024-05-17 19:19:42,157 - Recall: 0.6735947478073362
2024-05-17 19:19:42,158 - F1 Score: 0.6721109565998867
2024-05-17 19:19:42,159 - MCC: 0.6054637945583935
2024-05-17 19:21:15,586 - Accuracy: 0.7549668874172185
2024-05-17 19:21:15,587 - Precision: 0.6809559406308633
2024-05-17 19:21:15,589 - Recall: 0.6735947478073362
2024-05-17 19:21:15,590 - F1 Score: 0.6721109565998867
2024-05-17 19:21:15,590 - MCC: 0.6054637945583935
2024-05-17 19:21:46,391 - Accuracy: 0.7549668874172185
2024-05-17 19:21:46,392 - Precision: 0.6809559406308633
2024-05-17 19:21:46,393 - Recall: 0.6735947478073362
2024-05-17 19:21:46,394 - F1 Score: 0.6721109565998867
2024-05-17 19:21:46,395 - MCC: 0.6054637945583935
2024-05-17 19:22:14,340 - Accuracy: 0.7549668874172185
2024-05-17 19:22:14,341 - Precision: 0.6809559406308633
2024-05-17 19:22:14,342 - Recall: 0.6735947478073362
2024-05-17 19:22:14,344 - F1 Score: 0.6721109565998867
2024-05-17 19:22:14,345 - MCC: 0.6054637945583935
2024-05-17 19:22:31,013 - Accuracy: 0.7549668874172185
2024-05-17 19:22:31,014 - Precision: 0.6809559406308633
2024-05-17 19:22:31,015 - Recall: 0.6735947478073362
2024-05-17 19:22:31,015 - F1 Score: 0.6721109565998867
2024-05-17 19:22:31,016 - MCC: 0.6054637945583935
2024-05-17 20:40:30,903 - Accuracy: 0.7599337748344371
2024-05-17 20:40:30,904 - Precision: 0.7027626764946787
2024-05-17 20:40:30,905 - Recall: 0.674452608336293
2024-05-17 20:40:30,905 - F1 Score: 0.6841928413926881
2024-05-17 20:40:30,906 - MCC: 0.6136408812682165
2024-05-17 20:53:36,287 - Accuracy: 0.7591059602649006
2024-05-17 20:53:36,288 - Precision: 0.5621267047129116
2024-05-17 20:53:36,289 - Recall: 0.5392030202417454
2024-05-17 20:53:36,290 - F1 Score: 0.5471548541008023
2024-05-17 20:53:36,291 - MCC: 0.6124303082890705
2024-05-17 20:54:27,516 - Accuracy: 0.7607615894039735
2024-05-17 20:54:27,517 - Precision: 0.6836802766462351
2024-05-17 20:54:27,518 - Recall: 0.6785308055716495
2024-05-17 20:54:27,519 - F1 Score: 0.6766318702885404
2024-05-17 20:54:27,520 - MCC: 0.6143375281818049
2024-05-17 20:55:52,275 - Accuracy: 0.7607615894039735
2024-05-17 20:55:52,276 - Precision: 0.6836802766462351
2024-05-17 20:55:52,277 - Recall: 0.6785308055716495
2024-05-17 20:55:52,278 - F1 Score: 0.6766318702885404
2024-05-17 20:55:52,279 - MCC: 0.6143375281818049
2024-05-17 20:58:47,993 - Accuracy: 0.7591059602649006
2024-05-17 20:58:47,994 - Precision: 0.7014850092436299
2024-05-17 20:58:47,995 - Recall: 0.6740037753021817
2024-05-17 20:58:47,996 - F1 Score: 0.6833669070789993
2024-05-17 20:58:47,997 - MCC: 0.6123658484258192024-05-17 21:28:09,708 - Accuracy: 0.5049668874172185
2024-05-17 21:28:09,709 - Precision: 0.5991085478730549
2024-05-17 21:28:09,710 - Recall: 0.435033172871243
2024-05-17 21:28:09,711 - F1 Score: 0.395626599358788
2024-05-17 21:28:09,712 - MCC: 0.25984289664225363
2024-05-18 10:01:06,025 - Accuracy: 0.5082781456953642
2024-05-18 10:01:06,026 - Precision: 0.6015510517213856
2024-05-18 10:01:06,027 - Recall: 0.4370609532737753
2024-05-18 10:01:06,028 - F1 Score: 0.39865197912478056
2024-05-18 10:01:06,028 - MCC: 0.2645506805804052
2024-05-18 10:03:33,642 - Accuracy: 0.7640728476821192
2024-05-18 10:03:33,643 - Precision: 0.6858889605872553
2024-05-18 10:03:33,644 - Recall: 0.6711348821151233
2024-05-18 10:03:33,646 - F1 Score: 0.6748275338194012
2024-05-18 10:03:33,646 - MCC: 0.6198750494327423
2024-05-18 10:18:17,833 - Accuracy: 0.7591059602649006
2024-05-18 10:18:17,834 - Precision: 0.7014850092436299
2024-05-18 10:18:17,835 - Recall: 0.6740037753021817
2024-05-18 10:18:17,836 - F1 Score: 0.6833669070789993
2024-05-18 10:18:17,837 - MCC: 0.612365848425819
2024-05-18 11:02:13,843 - Accuracy: 0.49503311258278143
2024-05-18 11:02:13,844 - Precision: 0.3817163810474288
2024-05-18 11:02:13,845 - Recall: 0.38134476909167614
2024-05-18 11:02:13,846 - F1 Score: 0.3661505040289379
2024-05-18 11:02:13,846 - MCC: 0.18060288837600166
2024-05-18 11:55:36,018 - Accuracy: 0.7574503311258278
2024-05-18 11:55:36,019 - Precision: 0.685591151999586
2024-05-18 11:55:36,020 - Recall: 0.6695830157860536
2024-05-18 11:55:36,021 - F1 Score: 0.6739512424092526
2024-05-18 11:55:36,022 - MCC: 0.6092586246021915
2024-05-18 14:08:37,983 - Accuracy: 0.7632450331125827
2024-05-18 14:08:37,984 - Precision: 0.6977930502099791
2024-05-18 14:08:37,985 - Recall: 0.67295729529092
2024-05-18 14:08:37,986 - F1 Score: 0.6816171444782374
2024-05-18 14:08:37,987 - MCC: 0.6182476047853561
2024-05-18 14:57:00,734 - Accuracy: 0.5057947019867549
2024-05-18 14:57:00,735 - Precision: 0.6001632079345526
2024-05-18 14:57:00,736 - Recall: 0.435636971416079
2024-05-18 14:57:00,737 - F1 Score: 0.39689954422688256
2024-05-18 14:57:00,738 - MCC: 0.2610692441540508
2024-05-18 19:43:48,490 - Accuracy: 0.7574503311258278
2024-05-18 19:43:48,491 - Precision: 0.6791785199075436
2024-05-18 19:43:48,492 - Recall: 0.6647305923447883
2024-05-18 19:43:48,493 - F1 Score: 0.6679699660745849
2024-05-18 19:43:48,494 - MCC: 0.6086765010312144
2024-05-18 19:44:30,758 - Accuracy: 0.7640728476821192
2024-05-18 19:44:30,759 - Precision: 0.6902420256167338
2024-05-18 19:44:30,760 - Recall: 0.674503010052304
2024-05-18 19:44:30,761 - F1 Score: 0.6782980841871596
2024-05-18 19:44:30,762 - MCC: 0.6204033246506475
2024-05-18 19:51:23,321 - Accuracy: 0.5049668874172185
2024-05-18 19:51:23,321 - Precision: 0.5994693791450134
2024-05-18 19:51:23,322 - Recall: 0.4351106556266053
2024-05-18 19:51:23,323 - F1 Score: 0.39607050374038555
2024-05-18 19:51:23,324 - MCC: 0.2597387699021929
2024-05-18 21:38:08,593 - Accuracy: 0.7582781456953642
2024-05-18 21:38:08,595 - Precision: 0.6829973947621006
2024-05-18 21:38:08,596 - Recall: 0.6684700705607178
2024-05-18 21:38:08,597 - F1 Score: 0.6713700729971998
2024-05-18 21:38:08,597 - MCC: 0.6115332578697796
